Arguments: 
  /usr/local/Cellar/node/10.5.0_1/bin/node /usr/local/Cellar/yarn/1.7.0/libexec/bin/yarn.js remove husky

PATH: 
  /Users/elisebal/.rvm/gems/ruby-2.5.1/bin:/Users/elisebal/.rvm/gems/ruby-2.5.1@global/bin:/Users/elisebal/.rvm/rubies/ruby-2.5.1/bin:/Users/elisebal/.rvm/bin:/usr/local/bin:/usr/bin:/bin:/usr/sbin:/sbin

Yarn version: 
  1.7.0

Node version: 
  10.5.0

Platform: 
  darwin x64

Trace: 
  SyntaxError: /Users/elisebal/Documents/THP2_Back/thp-2/package.json: Unexpected end of JSON input
      at JSON.parse (<anonymous>)
      at /usr/local/Cellar/yarn/1.7.0/libexec/lib/cli.js:1130:59
      at Generator.next (<anonymous>)
      at step (/usr/local/Cellar/yarn/1.7.0/libexec/lib/cli.js:98:30)
      at /usr/local/Cellar/yarn/1.7.0/libexec/lib/cli.js:109:13

npm manifest: 
  {
   "scripts": {
     "precommit": "rubocop && annotate",
     "prepush": "rubocop && rspec --format doc"
   },
   "dependencies": {
     "husky": "^0.14.3"
   }

yarn manifest: 
  No manifest

Lockfile: 
  # THIS IS AN AUTOGENERATED FILE. DO NOT EDIT THIS FILE DIRECTLY.
  # yarn lockfile v1
  
  
  ci-info@^1.0.0:
    version "1.1.3"
    resolved "https://registry.yarnpkg.com/ci-info/-/ci-info-1.1.3.tgz#710193264bb05c77b8c90d02f5aaf22216a667b2"
  
  husky@^0.14.3:
    version "0.14.3"
    resolved "https://registry.yarnpkg.com/husky/-/husky-0.14.3.tgz#c69ed74e2d2779769a17ba8399b54ce0b63c12c3"
    dependencies:
      is-ci "^1.0.10"
      normalize-path "^1.0.0"
      strip-indent "^2.0.0"
  
  is-ci@^1.0.10:
    version "1.1.0"
    resolved "https://registry.yarnpkg.com/is-ci/-/is-ci-1.1.0.tgz#247e4162e7860cebbdaf30b774d6b0ac7dcfe7a5"
    dependencies:
      ci-info "^1.0.0"
  
  normalize-path@^1.0.0:
    version "1.0.0"
    resolved "https://registry.yarnpkg.com/normalize-path/-/normalize-path-1.0.0.tgz#32d0e472f91ff345701c15a8311018d3b0a90379"
  
  strip-indent@^2.0.0:
    version "2.0.0"
    resolved "https://registry.yarnpkg.com/strip-indent/-/strip-indent-2.0.0.tgz#5ef8db295d01e6ed6cbf7aab96998d7822527b68"
