I, [2018-07-05T15:25:52.340348 #19397]  INFO -- : [f710e852-ce2c-46bc-96e9-abac313c4274] Started GET "/" for 127.0.0.1 at 2018-07-05 15:25:52 +0200
F, [2018-07-05T15:25:52.341995 #19397] FATAL -- : [f710e852-ce2c-46bc-96e9-abac313c4274]   
F, [2018-07-05T15:25:52.342050 #19397] FATAL -- : [f710e852-ce2c-46bc-96e9-abac313c4274] ActionController::RoutingError (No route matches [GET] "/"):
F, [2018-07-05T15:25:52.342086 #19397] FATAL -- : [f710e852-ce2c-46bc-96e9-abac313c4274]   
F, [2018-07-05T15:25:52.342131 #19397] FATAL -- : [f710e852-ce2c-46bc-96e9-abac313c4274] actionpack (5.2.0) lib/action_dispatch/middleware/debug_exceptions.rb:65:in `call'
[f710e852-ce2c-46bc-96e9-abac313c4274] actionpack (5.2.0) lib/action_dispatch/middleware/show_exceptions.rb:33:in `call'
[f710e852-ce2c-46bc-96e9-abac313c4274] railties (5.2.0) lib/rails/rack/logger.rb:38:in `call_app'
[f710e852-ce2c-46bc-96e9-abac313c4274] railties (5.2.0) lib/rails/rack/logger.rb:26:in `block in call'
[f710e852-ce2c-46bc-96e9-abac313c4274] activesupport (5.2.0) lib/active_support/tagged_logging.rb:71:in `block in tagged'
[f710e852-ce2c-46bc-96e9-abac313c4274] activesupport (5.2.0) lib/active_support/tagged_logging.rb:28:in `tagged'
[f710e852-ce2c-46bc-96e9-abac313c4274] activesupport (5.2.0) lib/active_support/tagged_logging.rb:71:in `tagged'
[f710e852-ce2c-46bc-96e9-abac313c4274] railties (5.2.0) lib/rails/rack/logger.rb:26:in `call'
[f710e852-ce2c-46bc-96e9-abac313c4274] actionpack (5.2.0) lib/action_dispatch/middleware/remote_ip.rb:81:in `call'
[f710e852-ce2c-46bc-96e9-abac313c4274] actionpack (5.2.0) lib/action_dispatch/middleware/request_id.rb:27:in `call'
[f710e852-ce2c-46bc-96e9-abac313c4274] rack (2.0.5) lib/rack/runtime.rb:22:in `call'
[f710e852-ce2c-46bc-96e9-abac313c4274] activesupport (5.2.0) lib/active_support/cache/strategy/local_cache_middleware.rb:29:in `call'
[f710e852-ce2c-46bc-96e9-abac313c4274] actionpack (5.2.0) lib/action_dispatch/middleware/executor.rb:14:in `call'
[f710e852-ce2c-46bc-96e9-abac313c4274] rack (2.0.5) lib/rack/sendfile.rb:111:in `call'
[f710e852-ce2c-46bc-96e9-abac313c4274] railties (5.2.0) lib/rails/engine.rb:524:in `call'
[f710e852-ce2c-46bc-96e9-abac313c4274] puma (3.11.4) lib/puma/configuration.rb:225:in `call'
[f710e852-ce2c-46bc-96e9-abac313c4274] puma (3.11.4) lib/puma/server.rb:632:in `handle_request'
[f710e852-ce2c-46bc-96e9-abac313c4274] puma (3.11.4) lib/puma/server.rb:446:in `process_client'
[f710e852-ce2c-46bc-96e9-abac313c4274] puma (3.11.4) lib/puma/server.rb:306:in `block in run'
[f710e852-ce2c-46bc-96e9-abac313c4274] puma (3.11.4) lib/puma/thread_pool.rb:120:in `block in spawn_thread'
I, [2018-07-05T15:25:52.350136 #19397]  INFO -- : [cf225987-c9ca-437d-8abd-7db60ea2606a] Started GET "/robots.txt" for 127.0.0.1 at 2018-07-05 15:25:52 +0200
F, [2018-07-05T15:25:52.350660 #19397] FATAL -- : [cf225987-c9ca-437d-8abd-7db60ea2606a]   
F, [2018-07-05T15:25:52.350720 #19397] FATAL -- : [cf225987-c9ca-437d-8abd-7db60ea2606a] ActionController::RoutingError (No route matches [GET] "/robots.txt"):
F, [2018-07-05T15:25:52.350747 #19397] FATAL -- : [cf225987-c9ca-437d-8abd-7db60ea2606a]   
F, [2018-07-05T15:25:52.350776 #19397] FATAL -- : [cf225987-c9ca-437d-8abd-7db60ea2606a] actionpack (5.2.0) lib/action_dispatch/middleware/debug_exceptions.rb:65:in `call'
[cf225987-c9ca-437d-8abd-7db60ea2606a] actionpack (5.2.0) lib/action_dispatch/middleware/show_exceptions.rb:33:in `call'
[cf225987-c9ca-437d-8abd-7db60ea2606a] railties (5.2.0) lib/rails/rack/logger.rb:38:in `call_app'
[cf225987-c9ca-437d-8abd-7db60ea2606a] railties (5.2.0) lib/rails/rack/logger.rb:26:in `block in call'
[cf225987-c9ca-437d-8abd-7db60ea2606a] activesupport (5.2.0) lib/active_support/tagged_logging.rb:71:in `block in tagged'
[cf225987-c9ca-437d-8abd-7db60ea2606a] activesupport (5.2.0) lib/active_support/tagged_logging.rb:28:in `tagged'
[cf225987-c9ca-437d-8abd-7db60ea2606a] activesupport (5.2.0) lib/active_support/tagged_logging.rb:71:in `tagged'
[cf225987-c9ca-437d-8abd-7db60ea2606a] railties (5.2.0) lib/rails/rack/logger.rb:26:in `call'
[cf225987-c9ca-437d-8abd-7db60ea2606a] actionpack (5.2.0) lib/action_dispatch/middleware/remote_ip.rb:81:in `call'
[cf225987-c9ca-437d-8abd-7db60ea2606a] actionpack (5.2.0) lib/action_dispatch/middleware/request_id.rb:27:in `call'
[cf225987-c9ca-437d-8abd-7db60ea2606a] rack (2.0.5) lib/rack/runtime.rb:22:in `call'
[cf225987-c9ca-437d-8abd-7db60ea2606a] activesupport (5.2.0) lib/active_support/cache/strategy/local_cache_middleware.rb:29:in `call'
[cf225987-c9ca-437d-8abd-7db60ea2606a] actionpack (5.2.0) lib/action_dispatch/middleware/executor.rb:14:in `call'
[cf225987-c9ca-437d-8abd-7db60ea2606a] rack (2.0.5) lib/rack/sendfile.rb:111:in `call'
[cf225987-c9ca-437d-8abd-7db60ea2606a] railties (5.2.0) lib/rails/engine.rb:524:in `call'
[cf225987-c9ca-437d-8abd-7db60ea2606a] puma (3.11.4) lib/puma/configuration.rb:225:in `call'
[cf225987-c9ca-437d-8abd-7db60ea2606a] puma (3.11.4) lib/puma/server.rb:632:in `handle_request'
[cf225987-c9ca-437d-8abd-7db60ea2606a] puma (3.11.4) lib/puma/server.rb:446:in `process_client'
[cf225987-c9ca-437d-8abd-7db60ea2606a] puma (3.11.4) lib/puma/server.rb:306:in `block in run'
[cf225987-c9ca-437d-8abd-7db60ea2606a] puma (3.11.4) lib/puma/thread_pool.rb:120:in `block in spawn_thread'
I, [2018-07-05T15:26:32.748428 #19397]  INFO -- : [74fa9056-619f-40e7-ad19-b5739b2f053e] Started GET "/" for 127.0.0.1 at 2018-07-05 15:26:32 +0200
F, [2018-07-05T15:26:32.750802 #19397] FATAL -- : [74fa9056-619f-40e7-ad19-b5739b2f053e]   
F, [2018-07-05T15:26:32.750931 #19397] FATAL -- : [74fa9056-619f-40e7-ad19-b5739b2f053e] ActionController::RoutingError (No route matches [GET] "/"):
F, [2018-07-05T15:26:32.750989 #19397] FATAL -- : [74fa9056-619f-40e7-ad19-b5739b2f053e]   
F, [2018-07-05T15:26:32.751039 #19397] FATAL -- : [74fa9056-619f-40e7-ad19-b5739b2f053e] actionpack (5.2.0) lib/action_dispatch/middleware/debug_exceptions.rb:65:in `call'
[74fa9056-619f-40e7-ad19-b5739b2f053e] actionpack (5.2.0) lib/action_dispatch/middleware/show_exceptions.rb:33:in `call'
[74fa9056-619f-40e7-ad19-b5739b2f053e] railties (5.2.0) lib/rails/rack/logger.rb:38:in `call_app'
[74fa9056-619f-40e7-ad19-b5739b2f053e] railties (5.2.0) lib/rails/rack/logger.rb:26:in `block in call'
[74fa9056-619f-40e7-ad19-b5739b2f053e] activesupport (5.2.0) lib/active_support/tagged_logging.rb:71:in `block in tagged'
[74fa9056-619f-40e7-ad19-b5739b2f053e] activesupport (5.2.0) lib/active_support/tagged_logging.rb:28:in `tagged'
[74fa9056-619f-40e7-ad19-b5739b2f053e] activesupport (5.2.0) lib/active_support/tagged_logging.rb:71:in `tagged'
[74fa9056-619f-40e7-ad19-b5739b2f053e] railties (5.2.0) lib/rails/rack/logger.rb:26:in `call'
[74fa9056-619f-40e7-ad19-b5739b2f053e] actionpack (5.2.0) lib/action_dispatch/middleware/remote_ip.rb:81:in `call'
[74fa9056-619f-40e7-ad19-b5739b2f053e] actionpack (5.2.0) lib/action_dispatch/middleware/request_id.rb:27:in `call'
[74fa9056-619f-40e7-ad19-b5739b2f053e] rack (2.0.5) lib/rack/runtime.rb:22:in `call'
[74fa9056-619f-40e7-ad19-b5739b2f053e] activesupport (5.2.0) lib/active_support/cache/strategy/local_cache_middleware.rb:29:in `call'
[74fa9056-619f-40e7-ad19-b5739b2f053e] actionpack (5.2.0) lib/action_dispatch/middleware/executor.rb:14:in `call'
[74fa9056-619f-40e7-ad19-b5739b2f053e] rack (2.0.5) lib/rack/sendfile.rb:111:in `call'
[74fa9056-619f-40e7-ad19-b5739b2f053e] railties (5.2.0) lib/rails/engine.rb:524:in `call'
[74fa9056-619f-40e7-ad19-b5739b2f053e] puma (3.11.4) lib/puma/configuration.rb:225:in `call'
[74fa9056-619f-40e7-ad19-b5739b2f053e] puma (3.11.4) lib/puma/server.rb:632:in `handle_request'
[74fa9056-619f-40e7-ad19-b5739b2f053e] puma (3.11.4) lib/puma/server.rb:446:in `process_client'
[74fa9056-619f-40e7-ad19-b5739b2f053e] puma (3.11.4) lib/puma/server.rb:306:in `block in run'
[74fa9056-619f-40e7-ad19-b5739b2f053e] puma (3.11.4) lib/puma/thread_pool.rb:120:in `block in spawn_thread'
I, [2018-07-05T15:26:44.452555 #19437]  INFO -- : [911f7642-ed3f-4284-8ad9-681054c632eb] Started GET "/" for 127.0.0.1 at 2018-07-05 15:26:44 +0200
F, [2018-07-05T15:26:44.453877 #19437] FATAL -- : [911f7642-ed3f-4284-8ad9-681054c632eb]   
F, [2018-07-05T15:26:44.453955 #19437] FATAL -- : [911f7642-ed3f-4284-8ad9-681054c632eb] ActionController::RoutingError (No route matches [GET] "/"):
F, [2018-07-05T15:26:44.454023 #19437] FATAL -- : [911f7642-ed3f-4284-8ad9-681054c632eb]   
F, [2018-07-05T15:26:44.454059 #19437] FATAL -- : [911f7642-ed3f-4284-8ad9-681054c632eb] actionpack (5.2.0) lib/action_dispatch/middleware/debug_exceptions.rb:65:in `call'
[911f7642-ed3f-4284-8ad9-681054c632eb] actionpack (5.2.0) lib/action_dispatch/middleware/show_exceptions.rb:33:in `call'
[911f7642-ed3f-4284-8ad9-681054c632eb] railties (5.2.0) lib/rails/rack/logger.rb:38:in `call_app'
[911f7642-ed3f-4284-8ad9-681054c632eb] railties (5.2.0) lib/rails/rack/logger.rb:26:in `block in call'
[911f7642-ed3f-4284-8ad9-681054c632eb] activesupport (5.2.0) lib/active_support/tagged_logging.rb:71:in `block in tagged'
[911f7642-ed3f-4284-8ad9-681054c632eb] activesupport (5.2.0) lib/active_support/tagged_logging.rb:28:in `tagged'
[911f7642-ed3f-4284-8ad9-681054c632eb] activesupport (5.2.0) lib/active_support/tagged_logging.rb:71:in `tagged'
[911f7642-ed3f-4284-8ad9-681054c632eb] railties (5.2.0) lib/rails/rack/logger.rb:26:in `call'
[911f7642-ed3f-4284-8ad9-681054c632eb] actionpack (5.2.0) lib/action_dispatch/middleware/remote_ip.rb:81:in `call'
[911f7642-ed3f-4284-8ad9-681054c632eb] actionpack (5.2.0) lib/action_dispatch/middleware/request_id.rb:27:in `call'
[911f7642-ed3f-4284-8ad9-681054c632eb] rack (2.0.5) lib/rack/runtime.rb:22:in `call'
[911f7642-ed3f-4284-8ad9-681054c632eb] activesupport (5.2.0) lib/active_support/cache/strategy/local_cache_middleware.rb:29:in `call'
[911f7642-ed3f-4284-8ad9-681054c632eb] actionpack (5.2.0) lib/action_dispatch/middleware/executor.rb:14:in `call'
[911f7642-ed3f-4284-8ad9-681054c632eb] rack (2.0.5) lib/rack/sendfile.rb:111:in `call'
[911f7642-ed3f-4284-8ad9-681054c632eb] railties (5.2.0) lib/rails/engine.rb:524:in `call'
[911f7642-ed3f-4284-8ad9-681054c632eb] puma (3.11.4) lib/puma/configuration.rb:225:in `call'
[911f7642-ed3f-4284-8ad9-681054c632eb] puma (3.11.4) lib/puma/server.rb:632:in `handle_request'
[911f7642-ed3f-4284-8ad9-681054c632eb] puma (3.11.4) lib/puma/server.rb:446:in `process_client'
[911f7642-ed3f-4284-8ad9-681054c632eb] puma (3.11.4) lib/puma/server.rb:306:in `block in run'
[911f7642-ed3f-4284-8ad9-681054c632eb] puma (3.11.4) lib/puma/thread_pool.rb:120:in `block in spawn_thread'
I, [2018-07-05T15:26:46.697507 #19437]  INFO -- : [d9a12e57-972e-4e90-874e-4f9af347a3c4] Started GET "/" for 127.0.0.1 at 2018-07-05 15:26:46 +0200
F, [2018-07-05T15:26:46.697948 #19437] FATAL -- : [d9a12e57-972e-4e90-874e-4f9af347a3c4]   
F, [2018-07-05T15:26:46.698004 #19437] FATAL -- : [d9a12e57-972e-4e90-874e-4f9af347a3c4] ActionController::RoutingError (No route matches [GET] "/"):
F, [2018-07-05T15:26:46.698045 #19437] FATAL -- : [d9a12e57-972e-4e90-874e-4f9af347a3c4]   
F, [2018-07-05T15:26:46.698111 #19437] FATAL -- : [d9a12e57-972e-4e90-874e-4f9af347a3c4] actionpack (5.2.0) lib/action_dispatch/middleware/debug_exceptions.rb:65:in `call'
[d9a12e57-972e-4e90-874e-4f9af347a3c4] actionpack (5.2.0) lib/action_dispatch/middleware/show_exceptions.rb:33:in `call'
[d9a12e57-972e-4e90-874e-4f9af347a3c4] railties (5.2.0) lib/rails/rack/logger.rb:38:in `call_app'
[d9a12e57-972e-4e90-874e-4f9af347a3c4] railties (5.2.0) lib/rails/rack/logger.rb:26:in `block in call'
[d9a12e57-972e-4e90-874e-4f9af347a3c4] activesupport (5.2.0) lib/active_support/tagged_logging.rb:71:in `block in tagged'
[d9a12e57-972e-4e90-874e-4f9af347a3c4] activesupport (5.2.0) lib/active_support/tagged_logging.rb:28:in `tagged'
[d9a12e57-972e-4e90-874e-4f9af347a3c4] activesupport (5.2.0) lib/active_support/tagged_logging.rb:71:in `tagged'
[d9a12e57-972e-4e90-874e-4f9af347a3c4] railties (5.2.0) lib/rails/rack/logger.rb:26:in `call'
[d9a12e57-972e-4e90-874e-4f9af347a3c4] actionpack (5.2.0) lib/action_dispatch/middleware/remote_ip.rb:81:in `call'
[d9a12e57-972e-4e90-874e-4f9af347a3c4] actionpack (5.2.0) lib/action_dispatch/middleware/request_id.rb:27:in `call'
[d9a12e57-972e-4e90-874e-4f9af347a3c4] rack (2.0.5) lib/rack/runtime.rb:22:in `call'
[d9a12e57-972e-4e90-874e-4f9af347a3c4] activesupport (5.2.0) lib/active_support/cache/strategy/local_cache_middleware.rb:29:in `call'
[d9a12e57-972e-4e90-874e-4f9af347a3c4] actionpack (5.2.0) lib/action_dispatch/middleware/executor.rb:14:in `call'
[d9a12e57-972e-4e90-874e-4f9af347a3c4] rack (2.0.5) lib/rack/sendfile.rb:111:in `call'
[d9a12e57-972e-4e90-874e-4f9af347a3c4] railties (5.2.0) lib/rails/engine.rb:524:in `call'
[d9a12e57-972e-4e90-874e-4f9af347a3c4] puma (3.11.4) lib/puma/configuration.rb:225:in `call'
[d9a12e57-972e-4e90-874e-4f9af347a3c4] puma (3.11.4) lib/puma/server.rb:632:in `handle_request'
[d9a12e57-972e-4e90-874e-4f9af347a3c4] puma (3.11.4) lib/puma/server.rb:446:in `process_client'
[d9a12e57-972e-4e90-874e-4f9af347a3c4] puma (3.11.4) lib/puma/server.rb:306:in `block in run'
[d9a12e57-972e-4e90-874e-4f9af347a3c4] puma (3.11.4) lib/puma/thread_pool.rb:120:in `block in spawn_thread'
I, [2018-07-05T15:27:06.780531 #19437]  INFO -- : [adaf8d75-f1b0-4e7a-b0d4-05b1a85c59ff] Started GET "/" for 127.0.0.1 at 2018-07-05 15:27:06 +0200
F, [2018-07-05T15:27:06.781129 #19437] FATAL -- : [adaf8d75-f1b0-4e7a-b0d4-05b1a85c59ff]   
F, [2018-07-05T15:27:06.781217 #19437] FATAL -- : [adaf8d75-f1b0-4e7a-b0d4-05b1a85c59ff] ActionController::RoutingError (No route matches [GET] "/"):
F, [2018-07-05T15:27:06.781263 #19437] FATAL -- : [adaf8d75-f1b0-4e7a-b0d4-05b1a85c59ff]   
F, [2018-07-05T15:27:06.781307 #19437] FATAL -- : [adaf8d75-f1b0-4e7a-b0d4-05b1a85c59ff] actionpack (5.2.0) lib/action_dispatch/middleware/debug_exceptions.rb:65:in `call'
[adaf8d75-f1b0-4e7a-b0d4-05b1a85c59ff] actionpack (5.2.0) lib/action_dispatch/middleware/show_exceptions.rb:33:in `call'
[adaf8d75-f1b0-4e7a-b0d4-05b1a85c59ff] railties (5.2.0) lib/rails/rack/logger.rb:38:in `call_app'
[adaf8d75-f1b0-4e7a-b0d4-05b1a85c59ff] railties (5.2.0) lib/rails/rack/logger.rb:26:in `block in call'
[adaf8d75-f1b0-4e7a-b0d4-05b1a85c59ff] activesupport (5.2.0) lib/active_support/tagged_logging.rb:71:in `block in tagged'
[adaf8d75-f1b0-4e7a-b0d4-05b1a85c59ff] activesupport (5.2.0) lib/active_support/tagged_logging.rb:28:in `tagged'
[adaf8d75-f1b0-4e7a-b0d4-05b1a85c59ff] activesupport (5.2.0) lib/active_support/tagged_logging.rb:71:in `tagged'
[adaf8d75-f1b0-4e7a-b0d4-05b1a85c59ff] railties (5.2.0) lib/rails/rack/logger.rb:26:in `call'
[adaf8d75-f1b0-4e7a-b0d4-05b1a85c59ff] actionpack (5.2.0) lib/action_dispatch/middleware/remote_ip.rb:81:in `call'
[adaf8d75-f1b0-4e7a-b0d4-05b1a85c59ff] actionpack (5.2.0) lib/action_dispatch/middleware/request_id.rb:27:in `call'
[adaf8d75-f1b0-4e7a-b0d4-05b1a85c59ff] rack (2.0.5) lib/rack/runtime.rb:22:in `call'
[adaf8d75-f1b0-4e7a-b0d4-05b1a85c59ff] activesupport (5.2.0) lib/active_support/cache/strategy/local_cache_middleware.rb:29:in `call'
[adaf8d75-f1b0-4e7a-b0d4-05b1a85c59ff] actionpack (5.2.0) lib/action_dispatch/middleware/executor.rb:14:in `call'
[adaf8d75-f1b0-4e7a-b0d4-05b1a85c59ff] rack (2.0.5) lib/rack/sendfile.rb:111:in `call'
[adaf8d75-f1b0-4e7a-b0d4-05b1a85c59ff] railties (5.2.0) lib/rails/engine.rb:524:in `call'
[adaf8d75-f1b0-4e7a-b0d4-05b1a85c59ff] puma (3.11.4) lib/puma/configuration.rb:225:in `call'
[adaf8d75-f1b0-4e7a-b0d4-05b1a85c59ff] puma (3.11.4) lib/puma/server.rb:632:in `handle_request'
[adaf8d75-f1b0-4e7a-b0d4-05b1a85c59ff] puma (3.11.4) lib/puma/server.rb:446:in `process_client'
[adaf8d75-f1b0-4e7a-b0d4-05b1a85c59ff] puma (3.11.4) lib/puma/server.rb:306:in `block in run'
[adaf8d75-f1b0-4e7a-b0d4-05b1a85c59ff] puma (3.11.4) lib/puma/thread_pool.rb:120:in `block in spawn_thread'
